[2025-12-31 03:52:01] [INFO    ] discord.client: logging in using static token
[2025-12-31 03:52:02] [INFO    ] discord.gateway: Shard ID None has connected to Gateway (Session ID: 2bf0e15fe5bd8b10cdf4f57d41ece085).
[2025-12-31 03:55:00] [ERROR   ] discord.ext.tasks: Unhandled exception in internal background task 'point_saver'.
Traceback (most recent call last):
  File "/home/ubuntu/.local/lib/python3.8/site-packages/discord/ext/tasks/__init__.py", line 246, in _loop
    await self.coro(*args, **kwargs)
  File "/home/ubuntu/GitHub/LeaderBug/main.py", line 431, in point_saver
    leader_data = await db.get_all_group_points(guild_id, group_key)
AttributeError: 'DatabaseHandler' object has no attribute 'get_all_group_points'
[2025-12-31 05:59:07] [INFO    ] discord.gateway: Shard ID None has successfully RESUMED session 2bf0e15fe5bd8b10cdf4f57d41ece085.
[2025-12-31 06:21:26] [INFO    ] discord.gateway: Shard ID None has successfully RESUMED session 2bf0e15fe5bd8b10cdf4f57d41ece085.
[2025-12-31 06:47:39] [INFO    ] discord.gateway: Shard ID None has successfully RESUMED session 2bf0e15fe5bd8b10cdf4f57d41ece085.
[2025-12-31 06:49:12] [INFO    ] discord.gateway: Shard ID None has successfully RESUMED session 2bf0e15fe5bd8b10cdf4f57d41ece085.
[2025-12-31 06:50:51] [ERROR   ] discord.ext.commands.bot: Ignoring exception in command trackcategory
Traceback (most recent call last):
  File "/home/ubuntu/.local/lib/python3.8/site-packages/discord/ext/commands/converter.py", line 1335, in _actual_conversion
    return converter(argument)
ValueError: invalid literal for int() with base 10: '^trackcategory'

The above exception was the direct cause of the following exception:

Traceback (most recent call last):
  File "/home/ubuntu/.local/lib/python3.8/site-packages/discord/ext/commands/bot.py", line 1376, in invoke
    await ctx.command.invoke(ctx)
  File "/home/ubuntu/.local/lib/python3.8/site-packages/discord/ext/commands/core.py", line 1056, in invoke
    await self.prepare(ctx)
  File "/home/ubuntu/.local/lib/python3.8/site-packages/discord/ext/commands/core.py", line 973, in prepare
    await self._parse_arguments(ctx)
  File "/home/ubuntu/.local/lib/python3.8/site-packages/discord/ext/commands/core.py", line 880, in _parse_arguments
    transformed = await self.transform(ctx, param, attachments)
  File "/home/ubuntu/.local/lib/python3.8/site-packages/discord/ext/commands/core.py", line 750, in transform
    return await run_converters(ctx, converter, argument, param)  # type: ignore
  File "/home/ubuntu/.local/lib/python3.8/site-packages/discord/ext/commands/converter.py", line 1442, in run_converters
    return await _actual_conversion(ctx, converter, argument, param)
  File "/home/ubuntu/.local/lib/python3.8/site-packages/discord/ext/commands/converter.py", line 1344, in _actual_conversion
    raise BadArgument(f'Converting to "{name}" failed for parameter "{param.name}".') from exc
discord.ext.commands.errors.BadArgument: Converting to "int" failed for parameter "category_id".
