[2025-12-31 23:18:31] [INFO    ] discord.client: logging in using static token
[2025-12-31 23:18:32] [INFO    ] discord.gateway: Shard ID None has connected to Gateway (Session ID: 6bac55347b07320de7cd93e3690c327e).
[2026-01-01 02:05:18] [INFO    ] discord.gateway: Shard ID None has successfully RESUMED session 6bac55347b07320de7cd93e3690c327e.
[2026-01-01 02:26:19] [INFO    ] discord.gateway: Shard ID None has successfully RESUMED session 6bac55347b07320de7cd93e3690c327e.
[2026-01-01 05:04:43] [INFO    ] discord.gateway: Shard ID None has successfully RESUMED session 6bac55347b07320de7cd93e3690c327e.
[2026-01-01 05:22:02] [INFO    ] discord.gateway: Shard ID None has successfully RESUMED session 6bac55347b07320de7cd93e3690c327e.
[2026-01-01 08:57:49] [INFO    ] discord.gateway: Shard ID None has successfully RESUMED session 6bac55347b07320de7cd93e3690c327e.
[2026-01-01 10:09:06] [INFO    ] discord.gateway: Shard ID None has successfully RESUMED session 6bac55347b07320de7cd93e3690c327e.
[2026-01-01 11:15:16] [INFO    ] discord.gateway: Shard ID None has successfully RESUMED session 6bac55347b07320de7cd93e3690c327e.
[2026-01-01 15:02:38] [INFO    ] discord.gateway: Shard ID None has successfully RESUMED session 6bac55347b07320de7cd93e3690c327e.
[2026-01-01 16:44:25] [ERROR   ] discord.ext.commands.bot: Ignoring exception in command ignore
Traceback (most recent call last):
  File "/home/ubuntu/.local/lib/python3.8/site-packages/discord/ext/commands/bot.py", line 1376, in invoke
    await ctx.command.invoke(ctx)
  File "/home/ubuntu/.local/lib/python3.8/site-packages/discord/ext/commands/core.py", line 1056, in invoke
    await self.prepare(ctx)
  File "/home/ubuntu/.local/lib/python3.8/site-packages/discord/ext/commands/core.py", line 973, in prepare
    await self._parse_arguments(ctx)
  File "/home/ubuntu/.local/lib/python3.8/site-packages/discord/ext/commands/core.py", line 880, in _parse_arguments
    transformed = await self.transform(ctx, param, attachments)
  File "/home/ubuntu/.local/lib/python3.8/site-packages/discord/ext/commands/core.py", line 732, in transform
    raise MissingRequiredArgument(param)
discord.ext.commands.errors.MissingRequiredArgument: channel_id is a required argument that is missing.
[2026-01-01 16:44:42] [ERROR   ] discord.ext.commands.bot: Ignoring exception in command ignore
Traceback (most recent call last):
  File "/home/ubuntu/.local/lib/python3.8/site-packages/discord/ext/commands/converter.py", line 1335, in _actual_conversion
    return converter(argument)
ValueError: invalid literal for int() with base 10: '<#1433914667109060701>'

The above exception was the direct cause of the following exception:

Traceback (most recent call last):
  File "/home/ubuntu/.local/lib/python3.8/site-packages/discord/ext/commands/bot.py", line 1376, in invoke
    await ctx.command.invoke(ctx)
  File "/home/ubuntu/.local/lib/python3.8/site-packages/discord/ext/commands/core.py", line 1056, in invoke
    await self.prepare(ctx)
  File "/home/ubuntu/.local/lib/python3.8/site-packages/discord/ext/commands/core.py", line 973, in prepare
    await self._parse_arguments(ctx)
  File "/home/ubuntu/.local/lib/python3.8/site-packages/discord/ext/commands/core.py", line 880, in _parse_arguments
    transformed = await self.transform(ctx, param, attachments)
  File "/home/ubuntu/.local/lib/python3.8/site-packages/discord/ext/commands/core.py", line 750, in transform
    return await run_converters(ctx, converter, argument, param)  # type: ignore
  File "/home/ubuntu/.local/lib/python3.8/site-packages/discord/ext/commands/converter.py", line 1442, in run_converters
    return await _actual_conversion(ctx, converter, argument, param)
  File "/home/ubuntu/.local/lib/python3.8/site-packages/discord/ext/commands/converter.py", line 1344, in _actual_conversion
    raise BadArgument(f'Converting to "{name}" failed for parameter "{param.name}".') from exc
discord.ext.commands.errors.BadArgument: Converting to "int" failed for parameter "channel_id".
[2026-01-01 16:44:50] [ERROR   ] discord.ext.commands.bot: Ignoring exception in command ignore
Traceback (most recent call last):
  File "/home/ubuntu/.local/lib/python3.8/site-packages/discord/ext/commands/converter.py", line 1335, in _actual_conversion
    return converter(argument)
ValueError: invalid literal for int() with base 10: '<#1433914667109060701>'

The above exception was the direct cause of the following exception:

Traceback (most recent call last):
  File "/home/ubuntu/.local/lib/python3.8/site-packages/discord/ext/commands/bot.py", line 1376, in invoke
    await ctx.command.invoke(ctx)
  File "/home/ubuntu/.local/lib/python3.8/site-packages/discord/ext/commands/core.py", line 1056, in invoke
    await self.prepare(ctx)
  File "/home/ubuntu/.local/lib/python3.8/site-packages/discord/ext/commands/core.py", line 973, in prepare
    await self._parse_arguments(ctx)
  File "/home/ubuntu/.local/lib/python3.8/site-packages/discord/ext/commands/core.py", line 880, in _parse_arguments
    transformed = await self.transform(ctx, param, attachments)
  File "/home/ubuntu/.local/lib/python3.8/site-packages/discord/ext/commands/core.py", line 750, in transform
    return await run_converters(ctx, converter, argument, param)  # type: ignore
  File "/home/ubuntu/.local/lib/python3.8/site-packages/discord/ext/commands/converter.py", line 1442, in run_converters
    return await _actual_conversion(ctx, converter, argument, param)
  File "/home/ubuntu/.local/lib/python3.8/site-packages/discord/ext/commands/converter.py", line 1344, in _actual_conversion
    raise BadArgument(f'Converting to "{name}" failed for parameter "{param.name}".') from exc
discord.ext.commands.errors.BadArgument: Converting to "int" failed for parameter "channel_id".
[2026-01-01 18:42:07] [INFO    ] discord.gateway: Shard ID None has successfully RESUMED session 6bac55347b07320de7cd93e3690c327e.
[2026-01-01 20:21:28] [INFO    ] discord.gateway: Shard ID None has successfully RESUMED session 6bac55347b07320de7cd93e3690c327e.
[2026-01-01 23:30:26] [INFO    ] discord.gateway: Shard ID None has successfully RESUMED session 6bac55347b07320de7cd93e3690c327e.
[2026-01-02 00:09:16] [INFO    ] discord.gateway: Shard ID None has successfully RESUMED session 6bac55347b07320de7cd93e3690c327e.
[2026-01-02 00:46:57] [INFO    ] discord.gateway: Shard ID None has successfully RESUMED session 6bac55347b07320de7cd93e3690c327e.
[2026-01-02 02:11:50] [INFO    ] discord.gateway: Shard ID None has successfully RESUMED session 6bac55347b07320de7cd93e3690c327e.
[2026-01-02 03:18:34] [INFO    ] discord.gateway: Shard ID None has successfully RESUMED session 6bac55347b07320de7cd93e3690c327e.
[2026-01-02 05:49:38] [INFO    ] discord.gateway: Shard ID None has successfully RESUMED session 6bac55347b07320de7cd93e3690c327e.
[2026-01-02 06:53:59] [INFO    ] discord.gateway: Shard ID None has successfully RESUMED session 6bac55347b07320de7cd93e3690c327e.
[2026-01-02 08:15:47] [INFO    ] discord.gateway: Shard ID None has successfully RESUMED session 6bac55347b07320de7cd93e3690c327e.
[2026-01-02 08:34:48] [INFO    ] discord.gateway: Shard ID None has successfully RESUMED session 6bac55347b07320de7cd93e3690c327e.
[2026-01-02 08:53:04] [INFO    ] discord.gateway: Shard ID None has successfully RESUMED session 6bac55347b07320de7cd93e3690c327e.
[2026-01-02 10:36:40] [INFO    ] discord.gateway: Shard ID None has successfully RESUMED session 6bac55347b07320de7cd93e3690c327e.
[2026-01-02 12:17:02] [INFO    ] discord.gateway: Shard ID None has successfully RESUMED session 6bac55347b07320de7cd93e3690c327e.
